<?xml version="1.0" encoding="UTF-8"?>
<!-- Generated by org.testng.reporters.JUnitReportReporter -->
<testsuite hostname="User" failures="0" tests="1" name="assignment.GoogleJava" time="77.415" errors="0" timestamp="3 Mar 2020 07:00:12 GMT">
  <testcase classname="assignment.GoogleJava" name="java" time="77.415"/>
</testsuite> <!-- assignment.GoogleJava -->
