<?xml version="1.0" encoding="UTF-8"?>
<!-- Generated by org.testng.reporters.JUnitReportReporter -->
<testsuite hostname="User" failures="0" tests="1" name="assignment.UrbanLadderLists" time="740.682" errors="0" timestamp="4 Mar 2020 09:28:33 GMT">
  <testcase classname="assignment.UrbanLadderLists" name="urbanLadder" time="740.682"/>
</testsuite> <!-- assignment.UrbanLadderLists -->
